[2026-04-24 00:32:29] Array
(
    [attributes] => Array
        (
            [0] => 12836
            [1] => 2656
        )

    [features] => Array
        (
            [0] => 319
            [1] => 378
        )

    [from-xhr] => 
    [isolang] => fr
    [id_lang] => 1
    [id_category] => 334
    [controller] => category
)

[2026-04-24 01:31:30] 334
[2026-04-24 01:31:30] Array
(
    [dovehicle_attributes] => Array
        (
            [0] => Array
                (
                    [id_attribute_group] => 624
                    [group_name] => Couleur choisie 
                    [attributes] => Array
                        (
                            [0] => Array
                                (
                                    [id_attribute] => 12836
                                    [value] => Aluminium
                                    [count] => 1
                                )

                            [1] => Array
                                (
                                    [id_attribute] => 12834
                                    [value] => Anthracite
                                    [count] => 1
                                )

                            [2] => Array
                                (
                                    [id_attribute] => 12838
                                    [value] => Bleu nuit
                                    [count] => 1
                                )

                            [3] => Array
                                (
                                    [id_attribute] => 13031
                                    [value] => Gris
                                    [count] => 1
                                )

                            [4] => Array
                                (
                                    [id_attribute] => 12840
                                    [value] => Jaune
                                    [count] => 2
                                )

                            [5] => Array
                                (
                                    [id_attribute] => 12835
                                    [value] => Noir
                                    [count] => 1
                                )

                            [6] => Array
                                (
                                    [id_attribute] => 12837
                                    [value] => Rouge
                                    [count] => 2
                                )

                            [7] => Array
                                (
                                    [id_attribute] => 12833
                                    [value] => Vert
                                    [count] => 1
                                )

                        )

                )

            [1] => Array
                (
                    [id_attribute_group] => 261
                    [group_name] => Couleur de liseret
                    [attributes] => Array
                        (
                            [0] => Array
                                (
                                    [id_attribute] => 2642
                                    [value] => Blanc
                                    [count] => 1
                                )

                            [1] => Array
                                (
                                    [id_attribute] => 2643
                                    [value] => Bleu
                                    [count] => 1
                                )

                            [2] => Array
                                (
                                    [id_attribute] => 2646
                                    [value] => Jaune
                                    [count] => 1
                                )

                            [3] => Array
                                (
                                    [id_attribute] => 2644
                                    [value] => Noir
                                    [count] => 1
                                )

                            [4] => Array
                                (
                                    [id_attribute] => 2645
                                    [value] => Orange
                                    [count] => 1
                                )

                            [5] => Array
                                (
                                    [id_attribute] => 2641
                                    [value] => Rouge
                                    [count] => 1
                                )

                            [6] => Array
                                (
                                    [id_attribute] => 2640
                                    [value] => Vert
                                    [count] => 1
                                )

                        )

                )

            [2] => Array
                (
                    [id_attribute_group] => 243
                    [group_name] => Couleur du film
                    [attributes] => Array
                        (
                            [0] => Array
                                (
                                    [id_attribute] => 2546
                                    [value] => Bleu clair
                                    [count] => 1
                                )

                            [1] => Array
                                (
                                    [id_attribute] => 2534
                                    [value] => Bleu foncé
                                    [count] => 1
                                )

                            [2] => Array
                                (
                                    [id_attribute] => 2535
                                    [value] => Jaune
                                    [count] => 1
                                )

                            [3] => Array
                                (
                                    [id_attribute] => 2533
                                    [value] => Jaune old school
                                    [count] => 1
                                )

                            [4] => Array
                                (
                                    [id_attribute] => 2531
                                    [value] => Noir clair
                                    [count] => 1
                                )

                            [5] => Array
                                (
                                    [id_attribute] => 2530
                                    [value] => Noir foncé
                                    [count] => 1
                                )

                            [6] => Array
                                (
                                    [id_attribute] => 2550
                                    [value] => Orange
                                    [count] => 1
                                )

                            [7] => Array
                                (
                                    [id_attribute] => 2547
                                    [value] => Rose
                                    [count] => 1
                                )

                            [8] => Array
                                (
                                    [id_attribute] => 2548
                                    [value] => Rouge
                                    [count] => 1
                                )

                            [9] => Array
                                (
                                    [id_attribute] => 2536
                                    [value] => Vert
                                    [count] => 1
                                )

                            [10] => Array
                                (
                                    [id_attribute] => 2549
                                    [value] => Violet
                                    [count] => 1
                                )

                        )

                )

            [3] => Array
                (
                    [id_attribute_group] => 262
                    [group_name] => Couleur du pad caoutchoux
                    [attributes] => Array
                        (
                            [0] => Array
                                (
                                    [id_attribute] => 2648
                                    [value] => Bleu
                                    [count] => 1
                                )

                            [1] => Array
                                (
                                    [id_attribute] => 2650
                                    [value] => Noir
                                    [count] => 1
                                )

                            [2] => Array
                                (
                                    [id_attribute] => 2647
                                    [value] => Rouge
                                    [count] => 1
                                )

                            [3] => Array
                                (
                                    [id_attribute] => 2649
                                    [value] => Vert
                                    [count] => 1
                                )

                        )

                )

            [4] => Array
                (
                    [id_attribute_group] => 263
                    [group_name] => Diamètre d'entrée du cornet
                    [attributes] => Array
                        (
                            [0] => Array
                                (
                                    [id_attribute] => 2651
                                    [value] => 35mm
                                    [count] => 2
                                )

                            [1] => Array
                                (
                                    [id_attribute] => 2652
                                    [value] => 39mm
                                    [count] => 2
                                )

                            [2] => Array
                                (
                                    [id_attribute] => 2654
                                    [value] => 42mm
                                    [count] => 1
                                )

                            [3] => Array
                                (
                                    [id_attribute] => 2653
                                    [value] => 48mm
                                    [count] => 2
                                )

                            [4] => Array
                                (
                                    [id_attribute] => 2655
                                    [value] => 50mm
                                    [count] => 1
                                )

                            [5] => Array
                                (
                                    [id_attribute] => 2656
                                    [value] => 52mm
                                    [count] => 1
                                )

                            [6] => Array
                                (
                                    [id_attribute] => 2657
                                    [value] => 54mm
                                    [count] => 1
                                )

                            [7] => Array
                                (
                                    [id_attribute] => 2658
                                    [value] => 60mm
                                    [count] => 1
                                )

                        )

                )

            [5] => Array
                (
                    [id_attribute_group] => 248
                    [group_name] => Diamètre du Db killer
                    [attributes] => Array
                        (
                            [0] => Array
                                (
                                    [id_attribute] => 2570
                                    [value] => 35mm
                                    [count] => 1
                                )

                            [1] => Array
                                (
                                    [id_attribute] => 2574
                                    [value] => 40mm
                                    [count] => 1
                                )

                            [2] => Array
                                (
                                    [id_attribute] => 2573
                                    [value] => 42mm
                                    [count] => 1
                                )

                            [3] => Array
                                (
                                    [id_attribute] => 2572
                                    [value] => 45mm
                                    [count] => 1
                                )

                            [4] => Array
                                (
                                    [id_attribute] => 2575
                                    [value] => 48mm
                                    [count] => 1
                                )

                            [5] => Array
                                (
                                    [id_attribute] => 2576
                                    [value] => 60mm
                                    [count] => 1
                                )

                        )

                )

            [6] => Array
                (
                    [id_attribute_group] => 247
                    [group_name] => Longueur du Db Killer
                    [attributes] => Array
                        (
                            [0] => Array
                                (
                                    [id_attribute] => 2571
                                    [value] => 14cm
                                    [count] => 1
                                )

                            [1] => Array
                                (
                                    [id_attribute] => 2569
                                    [value] => 8cm
                                    [count] => 1
                                )

                        )

                )

        )

    [dovehicle_features] => Array
        (
            [0] => Array
                (
                    [id_feature] => 160
                    [feature_name] => 160mm
                    [values] => Array
                        (
                            [0] => Array
                                (
                                    [id_feature_value] => 322
                                    [value] => Oui
                                    [count] => 2
                                )

                        )

                )

            [1] => Array
                (
                    [id_feature] => 157
                    [feature_name] => 76mm de diamètre d'entrée
                    [values] => Array
                        (
                            [0] => Array
                                (
                                    [id_feature_value] => 319
                                    [value] => Oui
                                    [count] => 2
                                )

                        )

                )

            [2] => Array
                (
                    [id_feature] => 76
                    [feature_name] => 8Db
                    [values] => Array
                        (
                            [0] => Array
                                (
                                    [id_feature_value] => 238
                                    [value] => Oui
                                    [count] => 1
                                )

                        )

                )

            [3] => Array
                (
                    [id_feature] => 129
                    [feature_name] => Aluminium brossé
                    [values] => Array
                        (
                            [0] => Array
                                (
                                    [id_feature_value] => 291
                                    [value] => Oui
                                    [count] => 3
                                )

                        )

                )

            [4] => Array
                (
                    [id_feature] => 216
                    [feature_name] => Anti brouillard
                    [values] => Array
                        (
                            [0] => Array
                                (
                                    [id_feature_value] => 378
                                    [value] => Oui
                                    [count] => 3
                                )

                        )

                )

            [5] => Array
                (
                    [id_feature] => 118
                    [feature_name] => Anti-bulles
                    [values] => Array
                        (
                            [0] => Array
                                (
                                    [id_feature_value] => 280
                                    [value] => Oui
                                    [count] => 3
                                )

                        )

                )

            [6] => Array
                (
                    [id_feature] => 119
                    [feature_name] => Anti-rayures
                    [values] => Array
                        (
                            [0] => Array
                                (
                                    [id_feature_value] => 281
                                    [value] => Oui
                                    [count] => 3
                                )

                        )

                )

            [7] => Array
                (
                    [id_feature] => 166
                    [feature_name] => Carbone
                    [values] => Array
                        (
                            [0] => Array
                                (
                                    [id_feature_value] => 328
                                    [value] => Oui
                                    [count] => 1
                                )

                        )

                )

            [8] => Array
                (
                    [id_feature] => 75
                    [feature_name] => Chicane
                    [values] => Array
                        (
                            [0] => Array
                                (
                                    [id_feature_value] => 237
                                    [value] => Oui
                                    [count] => 1
                                )

                        )

                )

            [9] => Array
                (
                    [id_feature] => 70
                    [feature_name] => Coton
                    [values] => Array
                        (
                            [0] => Array
                                (
                                    [id_feature_value] => 232
                                    [value] => Oui
                                    [count] => 2
                                )

                        )

                )

            [10] => Array
                (
                    [id_feature] => 148
                    [feature_name] => Coudée à 90°
                    [values] => Array
                        (
                            [0] => Array
                                (
                                    [id_feature_value] => 310
                                    [value] => Oui
                                    [count] => 1
                                )

                        )

                )

            [11] => Array
                (
                    [id_feature] => 74
                    [feature_name] => Db killer
                    [values] => Array
                        (
                            [0] => Array
                                (
                                    [id_feature_value] => 236
                                    [value] => Oui
                                    [count] => 1
                                )

                        )

                )

            [12] => Array
                (
                    [id_feature] => 120
                    [feature_name] => Dimensions au choix
                    [values] => Array
                        (
                            [0] => Array
                                (
                                    [id_feature_value] => 282
                                    [value] => Oui
                                    [count] => 3
                                )

                        )

                )

            [13] => Array
                (
                    [id_feature] => 146
                    [feature_name] => Durite
                    [values] => Array
                        (
                            [0] => Array
                                (
                                    [id_feature_value] => 308
                                    [value] => Oui
                                    [count] => 1
                                )

                        )

                )

            [14] => Array
                (
                    [id_feature] => 147
                    [feature_name] => Durite D'admission
                    [values] => Array
                        (
                            [0] => Array
                                (
                                    [id_feature_value] => 309
                                    [value] => Oui
                                    [count] => 1
                                )

                        )

                )

            [15] => Array
                (
                    [id_feature] => 116
                    [feature_name] => Etirable
                    [values] => Array
                        (
                            [0] => Array
                                (
                                    [id_feature_value] => 278
                                    [value] => Oui
                                    [count] => 3
                                )

                        )

                )

            [16] => Array
                (
                    [id_feature] => 215
                    [feature_name] => Feux
                    [values] => Array
                        (
                            [0] => Array
                                (
                                    [id_feature_value] => 377
                                    [value] => Oui
                                    [count] => 3
                                )

                        )

                )

            [17] => Array
                (
                    [id_feature] => 158
                    [feature_name] => Garantie à vie
                    [values] => Array
                        (
                            [0] => Array
                                (
                                    [id_feature_value] => 320
                                    [value] => Oui
                                    [count] => 2
                                )

                        )

                )

            [18] => Array
                (
                    [id_feature] => 202
                    [feature_name] => Jantes
                    [values] => Array
                        (
                            [0] => Array
                                (
                                    [id_feature_value] => 364
                                    [value] => Oui
                                    [count] => 1
                                )

                        )

                )

            [19] => Array
                (
                    [id_feature] => 159
                    [feature_name] => Lavable
                    [values] => Array
                        (
                            [0] => Array
                                (
                                    [id_feature_value] => 321
                                    [value] => Oui
                                    [count] => 2
                                )

                        )

                )

            [20] => Array
                (
                    [id_feature] => 201
                    [feature_name] => Liseret
                    [values] => Array
                        (
                            [0] => Array
                                (
                                    [id_feature_value] => 363
                                    [value] => Oui
                                    [count] => 1
                                )

                        )

                )

            [21] => Array
                (
                    [id_feature] => 203
                    [feature_name] => Look
                    [values] => Array
                        (
                            [0] => Array
                                (
                                    [id_feature_value] => 365
                                    [value] => Oui
                                    [count] => 1
                                )

                        )

                )

            [22] => Array
                (
                    [id_feature] => 86
                    [feature_name] => Phare
                    [values] => Array
                        (
                            [0] => Array
                                (
                                    [id_feature_value] => 248
                                    [value] => Oui
                                    [count] => 3
                                )

                        )

                )

            [23] => Array
                (
                    [id_feature] => 127
                    [feature_name] => Protection
                    [values] => Array
                        (
                            [0] => Array
                                (
                                    [id_feature_value] => 289
                                    [value] => Oui
                                    [count] => 4
                                )

                        )

                )

            [24] => Array
                (
                    [id_feature] => 224
                    [feature_name] => Protection Réservoir
                    [values] => Array
                        (
                            [0] => Array
                                (
                                    [id_feature_value] => 386
                                    [value] => Oui
                                    [count] => 1
                                )

                        )

                )

            [25] => Array
                (
                    [id_feature] => 145
                    [feature_name] => Silicone
                    [values] => Array
                        (
                            [0] => Array
                                (
                                    [id_feature_value] => 307
                                    [value] => Oui
                                    [count] => 1
                                )

                        )

                )

            [26] => Array
                (
                    [id_feature] => 223
                    [feature_name] => Tank Pad
                    [values] => Array
                        (
                            [0] => Array
                                (
                                    [id_feature_value] => 385
                                    [value] => Oui
                                    [count] => 1
                                )

                        )

                )

            [27] => Array
                (
                    [id_feature] => 217
                    [feature_name] => Teinté
                    [values] => Array
                        (
                            [0] => Array
                                (
                                    [id_feature_value] => 379
                                    [value] => Oui
                                    [count] => 3
                                )

                        )

                )

            [28] => Array
                (
                    [id_feature] => 117
                    [feature_name] => Thermoformable
                    [values] => Array
                        (
                            [0] => Array
                                (
                                    [id_feature_value] => 279
                                    [value] => Oui
                                    [count] => 3
                                )

                        )

                )

            [29] => Array
                (
                    [id_feature] => 73
                    [feature_name] => Universel
                    [values] => Array
                        (
                            [0] => Array
                                (
                                    [id_feature_value] => 235
                                    [value] => Oui
                                    [count] => 1
                                )

                        )

                )

        )

    [dovehicle_id_category] => 334
    [dovehicle_ajax_url] => https://dev410.driveonly.fr/fr/module/dovehicle/filters
)

